[debug] [2018-12-17T15:19:33.003Z] ----------------------------------------------------------------------
[debug] [2018-12-17T15:19:33.005Z] Command:       /Users/kovitx/.nvm/versions/node/v11.1.0/bin/node /Users/kovitx/.nvm/versions/node/v11.1.0/bin/firebase init
[debug] [2018-12-17T15:19:33.006Z] CLI Version:   6.1.2
[debug] [2018-12-17T15:19:33.006Z] Platform:      darwin
[debug] [2018-12-17T15:19:33.006Z] Node Version:  v11.1.0
[debug] [2018-12-17T15:19:33.006Z] Time:          Mon Dec 17 2018 16:19:33 GMT+0100 (Central European Standard Time)
[debug] [2018-12-17T15:19:33.007Z] ----------------------------------------------------------------------
[debug] 
[debug] [2018-12-17T15:19:33.018Z] > command requires scopes: ["email","openid","https://www.googleapis.com/auth/cloudplatformprojects.readonly","https://www.googleapis.com/auth/firebase","https://www.googleapis.com/auth/cloud-platform"]
[debug] [2018-12-17T15:19:33.018Z] > authorizing via signed-in user
[info] 
     ######## #### ########  ######## ########     ###     ######  ########
     ##        ##  ##     ## ##       ##     ##  ##   ##  ##       ##
     ######    ##  ########  ######   ########  #########  ######  ######
     ##        ##  ##    ##  ##       ##     ## ##     ##       ## ##
     ##       #### ##     ## ######## ########  ##     ##  ######  ########

You're about to initialize a Firebase project in this directory:

  /Users/kovitx/ironhack/module-3/survyay-frontend

[info] 
=== Project Setup
[info] 
[info] First, let's associate this project directory with a Firebase project.
[info] You can create multiple project aliases by running firebase use --add, 
[info] but for now we'll just set up a default project.
[info] 
[debug] [2018-12-17T15:19:37.584Z] > refreshing access token with scopes: ["email","https://www.googleapis.com/auth/cloud-platform","https://www.googleapis.com/auth/cloudplatformprojects.readonly","https://www.googleapis.com/auth/firebase","openid"]
[debug] [2018-12-17T15:19:37.584Z] >>> HTTP REQUEST POST https://www.googleapis.com/oauth2/v3/token  
 <request body omitted>
[debug] [2018-12-17T15:19:38.172Z] <<< HTTP RESPONSE 200
[debug] [2018-12-17T15:19:38.189Z] >>> HTTP REQUEST GET https://firebase.googleapis.com/v1beta1/projects?page_size=100  
 
[debug] [2018-12-17T15:19:38.507Z] <<< HTTP RESPONSE 200
[info] i  Using project survyays (survyay)
[info] 
=== Hosting Setup
[info] 
[info] Your public directory is the folder (relative to your project directory) that
[info] will contain Hosting assets to be uploaded with firebase deploy. If you
[info] have a build process for your assets, use your build's output directory.
[info] 
